{
  "_content": {
    "Attributes": {
      "children": [],
      "title": null
    },
    "Extended Summary": {
      "children": [],
      "title": null
    },
    "Methods": {
      "children": [],
      "title": null
    },
    "Notes": {
      "children": [],
      "title": null
    },
    "Other Parameters": {
      "children": [],
      "title": null
    },
    "Parameters": {
      "children": [],
      "title": null
    },
    "Raises": {
      "children": [],
      "title": null
    },
    "Receives": {
      "children": [],
      "title": null
    },
    "Returns": {
      "children": [],
      "title": null
    },
    "Summary": {
      "children": [
        {
          "type": "Paragraph",
          "data": {
            "inline": [
              {
                "type": "Words",
                "data": {
                  "value": "Return the response of a continuous-time system to input "
                }
              },
              {
                "type": "Directive",
                "data": {
                  "value": "U",
                  "domain": null,
                  "role": null
                }
              },
              {
                "type": "Words",
                "data": {
                  "value": ". See "
                }
              },
              {
                "type": "Link",
                "data": {
                  "value": "lsim",
                  "reference": {
                    "module": "scipy",
                    "version": "1.7.1",
                    "kind": "module",
                    "path": "scipy.signal.ltisys.lsim"
                  },
                  "kind": "module",
                  "exists": true
                }
              },
              {
                "type": "Words",
                "data": {
                  "value": " for details."
                }
              }
            ],
            "inner": []
          }
        }
      ],
      "title": null
    },
    "Warnings": {
      "children": [],
      "title": null
    },
    "Warns": {
      "children": [],
      "title": null
    },
    "Yields": {
      "children": [],
      "title": null
    }
  },
  "refs": [
    {
      "module": "scipy",
      "version": "1.7.1",
      "kind": "module",
      "path": "scipy.signal.ltisys.lsim"
    }
  ],
  "ordered_sections": [
    "Summary",
    "Extended Summary"
  ],
  "item_file": "/scipy/signal/ltisys.py",
  "item_line": 246,
  "item_type": "<class 'function'>",
  "aliases": [
    "scipy.signal.lti.output"
  ],
  "example_section_data": {
    "children": [],
    "title": null
  },
  "see_also": [],
  "version": "1.7.1",
  "signature": "output(self, U, T, X0=None)",
  "references": null,
  "logo": "logo.png",
  "qa": "scipy.signal.ltisys.lti.output",
  "arbitrary": []
}