{
  "_content": {
    "Summary": {
      "children": [
        {
          "type": "Paragraph",
          "data": {
            "inline": [
              {
                "type": "Words",
                "data": {
                  "value": "xarray specific variant of numpy.log. Handles xarray.Dataset, xarray.DataArray, xarray.Variable, numpy.ndarray and dask.array.Array objects with automatic dispatching."
                }
              }
            ],
            "inner": []
          }
        }
      ],
      "title": null
    },
    "Extended Summary": {
      "children": [
        {
          "type": "Paragraph",
          "data": {
            "inline": [
              {
                "type": "Words",
                "data": {
                  "value": "Documentation from numpy:"
                }
              }
            ],
            "inner": []
          }
        },
        {
          "type": "Paragraph",
          "data": {
            "inline": [
              {
                "type": "Words",
                "data": {
                  "value": "Natural logarithm, element-wise."
                }
              }
            ],
            "inner": []
          }
        },
        {
          "type": "Paragraph",
          "data": {
            "inline": [
              {
                "type": "Words",
                "data": {
                  "value": "The natural logarithm "
                }
              },
              {
                "type": "Link",
                "data": {
                  "value": "log",
                  "reference": {
                    "module": "xarray",
                    "version": "0.17.0",
                    "kind": "module",
                    "path": "xarray.ufuncs.log"
                  },
                  "kind": "module",
                  "exists": true
                }
              },
              {
                "type": "Words",
                "data": {
                  "value": " is the inverse of the exponential function, so that "
                }
              },
              {
                "type": "Directive",
                "data": {
                  "value": [
                    "log(exp(x))",
                    " ",
                    "=",
                    " ",
                    "x"
                  ],
                  "domain": null,
                  "role": null
                }
              },
              {
                "type": "Words",
                "data": {
                  "value": ". The natural logarithm is logarithm in base "
                }
              },
              {
                "type": "Directive",
                "data": {
                  "value": [
                    "e"
                  ],
                  "domain": null,
                  "role": null
                }
              },
              {
                "type": "Words",
                "data": {
                  "value": "."
                }
              }
            ],
            "inner": []
          }
        }
      ],
      "title": null
    },
    "Parameters": {
      "children": [
        {
          "type": "Param",
          "data": {
            "param": "x",
            "type_": "array_like",
            "desc": [
              {
                "type": "Paragraph",
                "data": {
                  "inline": [
                    {
                      "type": "Words",
                      "data": {
                        "value": "Input value."
                      }
                    }
                  ],
                  "inner": []
                }
              }
            ]
          }
        },
        {
          "type": "Param",
          "data": {
            "param": "out",
            "type_": "ndarray, None, or tuple of ndarray and None, optional",
            "desc": [
              {
                "type": "Paragraph",
                "data": {
                  "inline": [
                    {
                      "type": "Words",
                      "data": {
                        "value": "A location into which the result is stored. If provided, it must have a shape that the inputs broadcast to. If not provided or None, a freshly-allocated array is returned. A tuple (possible only as a keyword argument) must have length equal to the number of outputs."
                      }
                    }
                  ],
                  "inner": []
                }
              }
            ]
          }
        },
        {
          "type": "Param",
          "data": {
            "param": "where",
            "type_": "array_like, optional",
            "desc": [
              {
                "type": "Paragraph",
                "data": {
                  "inline": [
                    {
                      "type": "Words",
                      "data": {
                        "value": "This condition is broadcast over the input. At locations where the condition is True, the "
                      }
                    },
                    {
                      "type": "Link",
                      "data": {
                        "value": "out",
                        "reference": {
                          "module": null,
                          "version": null,
                          "kind": "local",
                          "path": "out"
                        },
                        "kind": "local",
                        "exists": true
                      }
                    },
                    {
                      "type": "Words",
                      "data": {
                        "value": " array will be set to the ufunc result. Elsewhere, the "
                      }
                    },
                    {
                      "type": "Link",
                      "data": {
                        "value": "out",
                        "reference": {
                          "module": null,
                          "version": null,
                          "kind": "local",
                          "path": "out"
                        },
                        "kind": "local",
                        "exists": true
                      }
                    },
                    {
                      "type": "Words",
                      "data": {
                        "value": " array will retain its original value. Note that if an uninitialized "
                      }
                    },
                    {
                      "type": "Link",
                      "data": {
                        "value": "out",
                        "reference": {
                          "module": null,
                          "version": null,
                          "kind": "local",
                          "path": "out"
                        },
                        "kind": "local",
                        "exists": true
                      }
                    },
                    {
                      "type": "Words",
                      "data": {
                        "value": " array is created via the default "
                      }
                    },
                    {
                      "type": "Verbatim",
                      "data": {
                        "value": [
                          "out=None"
                        ]
                      }
                    },
                    {
                      "type": "Words",
                      "data": {
                        "value": ", locations within it where the condition is False will remain uninitialized."
                      }
                    }
                  ],
                  "inner": []
                }
              }
            ]
          }
        },
        {
          "type": "Param",
          "data": {
            "param": "**kwargs",
            "type_": "",
            "desc": [
              {
                "type": "Paragraph",
                "data": {
                  "inline": [
                    {
                      "type": "Words",
                      "data": {
                        "value": "For other keyword-only arguments, see the "
                      }
                    },
                    {
                      "type": "Directive",
                      "data": {
                        "value": [
                          "ufunc",
                          " ",
                          "docs",
                          " ",
                          "<ufuncs.kwargs>"
                        ],
                        "domain": null,
                        "role": "ref"
                      }
                    },
                    {
                      "type": "Words",
                      "data": {
                        "value": "."
                      }
                    }
                  ],
                  "inner": []
                }
              }
            ]
          }
        }
      ],
      "title": null
    },
    "Returns": {
      "children": [
        {
          "type": "Param",
          "data": {
            "param": "y",
            "type_": "ndarray",
            "desc": [
              {
                "type": "Paragraph",
                "data": {
                  "inline": [
                    {
                      "type": "Words",
                      "data": {
                        "value": "The natural logarithm of "
                      }
                    },
                    {
                      "type": "Link",
                      "data": {
                        "value": "x",
                        "reference": {
                          "module": null,
                          "version": null,
                          "kind": "local",
                          "path": "x"
                        },
                        "kind": "local",
                        "exists": true
                      }
                    },
                    {
                      "type": "Words",
                      "data": {
                        "value": ", element-wise. This is a scalar if "
                      }
                    },
                    {
                      "type": "Link",
                      "data": {
                        "value": "x",
                        "reference": {
                          "module": null,
                          "version": null,
                          "kind": "local",
                          "path": "x"
                        },
                        "kind": "local",
                        "exists": true
                      }
                    },
                    {
                      "type": "Words",
                      "data": {
                        "value": " is a scalar."
                      }
                    }
                  ],
                  "inner": []
                }
              }
            ]
          }
        }
      ],
      "title": null
    },
    "Yields": {
      "children": [],
      "title": null
    },
    "Receives": {
      "children": [],
      "title": null
    },
    "Raises": {
      "children": [],
      "title": null
    },
    "Warns": {
      "children": [],
      "title": null
    },
    "Other Parameters": {
      "children": [],
      "title": null
    },
    "Attributes": {
      "children": [],
      "title": null
    },
    "Methods": {
      "children": [],
      "title": null
    },
    "Notes": {
      "children": [
        {
          "type": "Paragraph",
          "data": {
            "inline": [
              {
                "type": "Words",
                "data": {
                  "value": "Logarithm is a multivalued function: for each "
                }
              },
              {
                "type": "Link",
                "data": {
                  "value": "x",
                  "reference": {
                    "module": null,
                    "version": null,
                    "kind": "local",
                    "path": "x"
                  },
                  "kind": "local",
                  "exists": true
                }
              },
              {
                "type": "Words",
                "data": {
                  "value": " there is an infinite number of "
                }
              },
              {
                "type": "Directive",
                "data": {
                  "value": [
                    "z"
                  ],
                  "domain": null,
                  "role": null
                }
              },
              {
                "type": "Words",
                "data": {
                  "value": " such that "
                }
              },
              {
                "type": "Directive",
                "data": {
                  "value": [
                    "exp(z)",
                    " ",
                    "=",
                    " ",
                    "x"
                  ],
                  "domain": null,
                  "role": null
                }
              },
              {
                "type": "Words",
                "data": {
                  "value": ". The convention is to return the "
                }
              },
              {
                "type": "Directive",
                "data": {
                  "value": [
                    "z"
                  ],
                  "domain": null,
                  "role": null
                }
              },
              {
                "type": "Words",
                "data": {
                  "value": " whose imaginary part lies in "
                }
              },
              {
                "type": "Directive",
                "data": {
                  "value": [
                    "[-pi,",
                    " ",
                    "pi]"
                  ],
                  "domain": null,
                  "role": null
                }
              },
              {
                "type": "Words",
                "data": {
                  "value": "."
                }
              }
            ],
            "inner": []
          }
        },
        {
          "type": "Paragraph",
          "data": {
            "inline": [
              {
                "type": "Words",
                "data": {
                  "value": "For real-valued input data types, "
                }
              },
              {
                "type": "Link",
                "data": {
                  "value": "log",
                  "reference": {
                    "module": "xarray",
                    "version": "0.17.0",
                    "kind": "module",
                    "path": "xarray.ufuncs.log"
                  },
                  "kind": "module",
                  "exists": true
                }
              },
              {
                "type": "Words",
                "data": {
                  "value": " always returns real output. For each value that cannot be expressed as a real number or infinity, it yields "
                }
              },
              {
                "type": "Verbatim",
                "data": {
                  "value": [
                    "nan"
                  ]
                }
              },
              {
                "type": "Words",
                "data": {
                  "value": " and sets the "
                }
              },
              {
                "type": "Directive",
                "data": {
                  "value": [
                    "invalid"
                  ],
                  "domain": null,
                  "role": null
                }
              },
              {
                "type": "Words",
                "data": {
                  "value": " floating point error flag."
                }
              }
            ],
            "inner": []
          }
        },
        {
          "type": "Paragraph",
          "data": {
            "inline": [
              {
                "type": "Words",
                "data": {
                  "value": "For complex-valued input, "
                }
              },
              {
                "type": "Link",
                "data": {
                  "value": "log",
                  "reference": {
                    "module": "xarray",
                    "version": "0.17.0",
                    "kind": "module",
                    "path": "xarray.ufuncs.log"
                  },
                  "kind": "module",
                  "exists": true
                }
              },
              {
                "type": "Words",
                "data": {
                  "value": " is a complex analytical function that has a branch cut "
                }
              },
              {
                "type": "Directive",
                "data": {
                  "value": [
                    "[-inf,",
                    " ",
                    "0]"
                  ],
                  "domain": null,
                  "role": null
                }
              },
              {
                "type": "Words",
                "data": {
                  "value": " and is continuous from above on it. "
                }
              },
              {
                "type": "Link",
                "data": {
                  "value": "log",
                  "reference": {
                    "module": "xarray",
                    "version": "0.17.0",
                    "kind": "module",
                    "path": "xarray.ufuncs.log"
                  },
                  "kind": "module",
                  "exists": true
                }
              },
              {
                "type": "Words",
                "data": {
                  "value": " handles the floating-point negative zero as an infinitesimal negative number, conforming to the C99 standard."
                }
              }
            ],
            "inner": []
          }
        }
      ],
      "title": null
    },
    "Warnings": {
      "children": [],
      "title": null
    }
  },
  "refs": [
    {
      "module": "numpy",
      "version": "1.21.3",
      "kind": "module",
      "path": "numpy"
    },
    {
      "module": "xarray",
      "version": "0.17.0",
      "kind": "module",
      "path": "xarray.ufuncs.log"
    },
    {
      "module": "numpy",
      "version": "1.21.3",
      "kind": "module",
      "path": "numpy.ufunc"
    }
  ],
  "ordered_sections": [
    "Summary",
    "Extended Summary",
    "Parameters",
    "Returns",
    "See Also",
    "Notes",
    "References",
    "Examples"
  ],
  "item_file": null,
  "item_line": null,
  "item_type": null,
  "aliases": [
    "xarray.ufuncs.log"
  ],
  "example_section_data": {
    "children": [
      {
        "type": "Code2",
        "data": {
          "entries": [
            {
              "type": "",
              "link": {
                "type": "Link",
                "data": {
                  "value": "np",
                  "reference": {
                    "module": "numpy",
                    "version": "1.21.3",
                    "kind": "module",
                    "path": "numpy"
                  },
                  "kind": "module",
                  "exists": true
                }
              }
            },
            {
              "type": "o",
              "link": {
                "type": "str",
                "data": "."
              }
            },
            {
              "type": "",
              "link": {
                "type": "Link",
                "data": {
                  "value": "log",
                  "reference": {
                    "module": "numpy",
                    "version": "1.21.3",
                    "kind": "module",
                    "path": "numpy.ufunc"
                  },
                  "kind": "module",
                  "exists": true
                }
              }
            },
            {
              "type": "",
              "link": {
                "type": "str",
                "data": "("
              }
            },
            {
              "type": "",
              "link": {
                "type": "str",
                "data": "["
              }
            },
            {
              "type": "mi",
              "link": {
                "type": "str",
                "data": "1"
              }
            },
            {
              "type": "",
              "link": {
                "type": "str",
                "data": ","
              }
            },
            {
              "type": "",
              "link": {
                "type": "str",
                "data": " "
              }
            },
            {
              "type": "",
              "link": {
                "type": "Link",
                "data": {
                  "value": "np",
                  "reference": {
                    "module": "numpy",
                    "version": "1.21.3",
                    "kind": "module",
                    "path": "numpy"
                  },
                  "kind": "module",
                  "exists": true
                }
              }
            },
            {
              "type": "o",
              "link": {
                "type": "str",
                "data": "."
              }
            },
            {
              "type": "",
              "link": {
                "type": "str",
                "data": "e"
              }
            },
            {
              "type": "",
              "link": {
                "type": "str",
                "data": ","
              }
            },
            {
              "type": "",
              "link": {
                "type": "str",
                "data": " "
              }
            },
            {
              "type": "",
              "link": {
                "type": "Link",
                "data": {
                  "value": "np",
                  "reference": {
                    "module": "numpy",
                    "version": "1.21.3",
                    "kind": "module",
                    "path": "numpy"
                  },
                  "kind": "module",
                  "exists": true
                }
              }
            },
            {
              "type": "o",
              "link": {
                "type": "str",
                "data": "."
              }
            },
            {
              "type": "",
              "link": {
                "type": "str",
                "data": "e"
              }
            },
            {
              "type": "",
              "link": {
                "type": "str",
                "data": " "
              }
            },
            {
              "type": "o",
              "link": {
                "type": "str",
                "data": "*"
              }
            },
            {
              "type": "o",
              "link": {
                "type": "str",
                "data": "*"
              }
            },
            {
              "type": "",
              "link": {
                "type": "str",
                "data": " "
              }
            },
            {
              "type": "mi",
              "link": {
                "type": "str",
                "data": "2"
              }
            },
            {
              "type": "",
              "link": {
                "type": "str",
                "data": ","
              }
            },
            {
              "type": "",
              "link": {
                "type": "str",
                "data": " "
              }
            },
            {
              "type": "mi",
              "link": {
                "type": "str",
                "data": "0"
              }
            },
            {
              "type": "",
              "link": {
                "type": "str",
                "data": "]"
              }
            },
            {
              "type": "",
              "link": {
                "type": "str",
                "data": ")"
              }
            }
          ],
          "out": "array([  0.,   1.,   2., -Inf])",
          "ce_status": "compiled"
        }
      }
    ],
    "title": null
  },
  "see_also": [
    {
      "name": {
        "name": "emath.log",
        "ref": null,
        "exists": null
      },
      "descriptions": [],
      "type": null
    },
    {
      "name": {
        "name": "log10",
        "ref": "xarray.ufuncs.log10",
        "exists": true
      },
      "descriptions": [],
      "type": null
    },
    {
      "name": {
        "name": "log1p",
        "ref": "xarray.ufuncs.log1p",
        "exists": true
      },
      "descriptions": [],
      "type": null
    },
    {
      "name": {
        "name": "log2",
        "ref": "xarray.ufuncs.log2",
        "exists": true
      },
      "descriptions": [],
      "type": null
    }
  ],
  "version": "0.17.0",
  "signature": "log(*args, **kwargs)",
  "references": [
    "1.     M. Abramowitz and I.A. Stegun, \"Handbook of Mathematical Functions\",",
    "       10th printing, 1964, pp. 67. http://www.math.sfu.ca/~cbm/aands/",
    "2.     Wikipedia, \"Logarithm\". https://en.wikipedia.org/wiki/Logarithm"
  ],
  "logo": "logo.png",
  "qa": "xarray.ufuncs.log",
  "arbitrary": []
}