{
  "_content": {
    "Attributes": {
      "children": [],
      "title": null
    },
    "Extended Summary": {
      "children": [
        {
          "type": "Paragraph",
          "data": {
            "inline": [
              {
                "type": "Words",
                "data": {
                  "value": "Refer to "
                }
              },
              {
                "type": "Link",
                "data": {
                  "value": "numpy.trace",
                  "reference": {
                    "module": "numpy",
                    "version": "1.22.1",
                    "kind": "module",
                    "path": "numpy.trace"
                  },
                  "kind": "module",
                  "exists": true
                }
              },
              {
                "type": "Words",
                "data": {
                  "value": " for full documentation."
                }
              }
            ],
            "inner": []
          }
        }
      ],
      "title": null
    },
    "Methods": {
      "children": [],
      "title": null
    },
    "Notes": {
      "children": [],
      "title": null
    },
    "Other Parameters": {
      "children": [],
      "title": null
    },
    "Parameters": {
      "children": [],
      "title": null
    },
    "Raises": {
      "children": [],
      "title": null
    },
    "Receives": {
      "children": [],
      "title": null
    },
    "Returns": {
      "children": [],
      "title": null
    },
    "Summary": {
      "children": [
        {
          "type": "Paragraph",
          "data": {
            "inline": [
              {
                "type": "Words",
                "data": {
                  "value": "Return the sum along diagonals of the array."
                }
              }
            ],
            "inner": []
          }
        }
      ],
      "title": null
    },
    "Warnings": {
      "children": [],
      "title": null
    },
    "Warns": {
      "children": [],
      "title": null
    },
    "Yields": {
      "children": [],
      "title": null
    }
  },
  "refs": [
    {
      "module": "numpy",
      "version": "1.22.1",
      "kind": "module",
      "path": "numpy.trace"
    }
  ],
  "ordered_sections": [
    "Signature",
    "Summary",
    "Extended Summary",
    "See Also"
  ],
  "item_file": "/numpy/ma/core.py",
  "item_line": 4987,
  "item_type": "<class 'function'>",
  "aliases": [
    "numpy.ma.MaskedArray.trace"
  ],
  "example_section_data": {
    "children": [],
    "title": null
  },
  "see_also": [
    {
      "name": {
        "name": "numpy.trace",
        "ref": "numpy.trace",
        "exists": true
      },
      "descriptions": [
        {
          "inline": [
            {
              "type": "Words",
              "data": {
                "value": "equivalent function"
              }
            }
          ],
          "inner": []
        }
      ],
      "type": null
    }
  ],
  "version": "1.22.1",
  "signature": "a.trace(offset=0, axis1=0, axis2=1, dtype=None, out=None)",
  "references": null,
  "logo": "logo.png",
  "qa": "numpy.ma.core.MaskedArray.trace",
  "arbitrary": []
}