{
  "_content": {
    "Attributes": {
      "children": [],
      "title": null
    },
    "Extended Summary": {
      "children": [
        {
          "type": "Paragraph",
          "data": {
            "inline": [
              {
                "type": "Words",
                "data": {
                  "value": "This docstring was copied from numpy.trace."
                }
              }
            ],
            "inner": []
          }
        },
        {
          "type": "Paragraph",
          "data": {
            "inline": [
              {
                "type": "Words",
                "data": {
                  "value": "Some inconsistencies with the Dask version may exist."
                }
              }
            ],
            "inner": []
          }
        },
        {
          "type": "Paragraph",
          "data": {
            "inline": [
              {
                "type": "Words",
                "data": {
                  "value": "If "
                }
              },
              {
                "type": "Link",
                "data": {
                  "value": "a",
                  "reference": {
                    "module": null,
                    "version": null,
                    "kind": "local",
                    "path": "a"
                  },
                  "kind": "local",
                  "exists": true
                }
              },
              {
                "type": "Words",
                "data": {
                  "value": " is 2-D, the sum along its diagonal with the given offset is returned, i.e., the sum of elements "
                }
              },
              {
                "type": "Verbatim",
                "data": {
                  "value": [
                    "a[i,i+offset]"
                  ]
                }
              },
              {
                "type": "Words",
                "data": {
                  "value": " for all i."
                }
              }
            ],
            "inner": []
          }
        },
        {
          "type": "Paragraph",
          "data": {
            "inline": [
              {
                "type": "Words",
                "data": {
                  "value": "If "
                }
              },
              {
                "type": "Link",
                "data": {
                  "value": "a",
                  "reference": {
                    "module": null,
                    "version": null,
                    "kind": "local",
                    "path": "a"
                  },
                  "kind": "local",
                  "exists": true
                }
              },
              {
                "type": "Words",
                "data": {
                  "value": " has more than two dimensions, then the axes specified by axis1 and axis2 are used to determine the 2-D sub-arrays whose traces are returned. The shape of the resulting array is the same as that of "
                }
              },
              {
                "type": "Link",
                "data": {
                  "value": "a",
                  "reference": {
                    "module": null,
                    "version": null,
                    "kind": "local",
                    "path": "a"
                  },
                  "kind": "local",
                  "exists": true
                }
              },
              {
                "type": "Words",
                "data": {
                  "value": " with "
                }
              },
              {
                "type": "Link",
                "data": {
                  "value": "axis1",
                  "reference": {
                    "module": null,
                    "version": null,
                    "kind": "local",
                    "path": "axis1"
                  },
                  "kind": "local",
                  "exists": true
                }
              },
              {
                "type": "Words",
                "data": {
                  "value": " and "
                }
              },
              {
                "type": "Link",
                "data": {
                  "value": "axis2",
                  "reference": {
                    "module": null,
                    "version": null,
                    "kind": "local",
                    "path": "axis2"
                  },
                  "kind": "local",
                  "exists": true
                }
              },
              {
                "type": "Words",
                "data": {
                  "value": " removed."
                }
              }
            ],
            "inner": []
          }
        }
      ],
      "title": null
    },
    "Methods": {
      "children": [],
      "title": null
    },
    "Notes": {
      "children": [],
      "title": null
    },
    "Other Parameters": {
      "children": [],
      "title": null
    },
    "Parameters": {
      "children": [
        {
          "type": "Param",
          "data": {
            "param": "a",
            "type_": "array_like",
            "desc": [
              {
                "type": "Paragraph",
                "data": {
                  "inline": [
                    {
                      "type": "Words",
                      "data": {
                        "value": "Input array, from which the diagonals are taken."
                      }
                    }
                  ],
                  "inner": []
                }
              }
            ]
          }
        },
        {
          "type": "Param",
          "data": {
            "param": "offset",
            "type_": "int, optional",
            "desc": [
              {
                "type": "Paragraph",
                "data": {
                  "inline": [
                    {
                      "type": "Words",
                      "data": {
                        "value": "Offset of the diagonal from the main diagonal. Can be both positive and negative. Defaults to 0."
                      }
                    }
                  ],
                  "inner": []
                }
              }
            ]
          }
        },
        {
          "type": "Param",
          "data": {
            "param": "axis1, axis2",
            "type_": "int, optional",
            "desc": [
              {
                "type": "Paragraph",
                "data": {
                  "inline": [
                    {
                      "type": "Words",
                      "data": {
                        "value": "Axes to be used as the first and second axis of the 2-D sub-arrays from which the diagonals should be taken. Defaults are the first two axes of "
                      }
                    },
                    {
                      "type": "Link",
                      "data": {
                        "value": "a",
                        "reference": {
                          "module": null,
                          "version": null,
                          "kind": "local",
                          "path": "a"
                        },
                        "kind": "local",
                        "exists": true
                      }
                    },
                    {
                      "type": "Words",
                      "data": {
                        "value": "."
                      }
                    }
                  ],
                  "inner": []
                }
              }
            ]
          }
        },
        {
          "type": "Param",
          "data": {
            "param": "dtype",
            "type_": "dtype, optional",
            "desc": [
              {
                "type": "Paragraph",
                "data": {
                  "inline": [
                    {
                      "type": "Words",
                      "data": {
                        "value": "Determines the data-type of the returned array and of the accumulator where the elements are summed. If dtype has the value None and "
                      }
                    },
                    {
                      "type": "Link",
                      "data": {
                        "value": "a",
                        "reference": {
                          "module": null,
                          "version": null,
                          "kind": "local",
                          "path": "a"
                        },
                        "kind": "local",
                        "exists": true
                      }
                    },
                    {
                      "type": "Words",
                      "data": {
                        "value": " is of integer type of precision less than the default integer precision, then the default integer precision is used. Otherwise, the precision is the same as that of "
                      }
                    },
                    {
                      "type": "Link",
                      "data": {
                        "value": "a",
                        "reference": {
                          "module": null,
                          "version": null,
                          "kind": "local",
                          "path": "a"
                        },
                        "kind": "local",
                        "exists": true
                      }
                    },
                    {
                      "type": "Words",
                      "data": {
                        "value": "."
                      }
                    }
                  ],
                  "inner": []
                }
              }
            ]
          }
        },
        {
          "type": "Param",
          "data": {
            "param": "out",
            "type_": "ndarray, optional  (Not supported in Dask)",
            "desc": [
              {
                "type": "Paragraph",
                "data": {
                  "inline": [
                    {
                      "type": "Words",
                      "data": {
                        "value": "Array into which the output is placed. Its type is preserved and it must be of the right shape to hold the output."
                      }
                    }
                  ],
                  "inner": []
                }
              }
            ]
          }
        }
      ],
      "title": null
    },
    "Raises": {
      "children": [],
      "title": null
    },
    "Receives": {
      "children": [],
      "title": null
    },
    "Returns": {
      "children": [
        {
          "type": "Param",
          "data": {
            "param": "sum_along_diagonals",
            "type_": "ndarray",
            "desc": [
              {
                "type": "Paragraph",
                "data": {
                  "inline": [
                    {
                      "type": "Words",
                      "data": {
                        "value": "If "
                      }
                    },
                    {
                      "type": "Link",
                      "data": {
                        "value": "a",
                        "reference": {
                          "module": null,
                          "version": null,
                          "kind": "local",
                          "path": "a"
                        },
                        "kind": "local",
                        "exists": true
                      }
                    },
                    {
                      "type": "Words",
                      "data": {
                        "value": " is 2-D, the sum along the diagonal is returned.  If "
                      }
                    },
                    {
                      "type": "Link",
                      "data": {
                        "value": "a",
                        "reference": {
                          "module": null,
                          "version": null,
                          "kind": "local",
                          "path": "a"
                        },
                        "kind": "local",
                        "exists": true
                      }
                    },
                    {
                      "type": "Words",
                      "data": {
                        "value": " has larger dimensions, then an array of sums along diagonals is returned."
                      }
                    }
                  ],
                  "inner": []
                }
              }
            ]
          }
        }
      ],
      "title": null
    },
    "Summary": {
      "children": [
        {
          "type": "Paragraph",
          "data": {
            "inline": [
              {
                "type": "Words",
                "data": {
                  "value": "Return the sum along diagonals of the array."
                }
              }
            ],
            "inner": []
          }
        }
      ],
      "title": null
    },
    "Warnings": {
      "children": [],
      "title": null
    },
    "Warns": {
      "children": [],
      "title": null
    },
    "Yields": {
      "children": [],
      "title": null
    }
  },
  "refs": [
    {
      "module": "dask",
      "version": "2021.10.0",
      "kind": "module",
      "path": "dask.array.core.Array.reshape"
    },
    {
      "module": "dask",
      "version": "2021.10.0",
      "kind": "module",
      "path": "dask.array.routines.shape"
    },
    {
      "module": "dask",
      "version": "2021.10.0",
      "kind": "module",
      "path": "dask.array.reductions.trace"
    },
    {
      "module": "dask",
      "version": "2021.10.0",
      "kind": "module",
      "path": "dask.array.creation.eye"
    },
    {
      "module": "dask",
      "version": "2021.10.0",
      "kind": "module",
      "path": "dask.array.creation.arange"
    }
  ],
  "ordered_sections": [
    "Summary",
    "Extended Summary",
    "Parameters",
    "Returns",
    "See Also",
    "Examples"
  ],
  "item_file": "/dask/array/reductions.py",
  "item_line": 1595,
  "item_type": "<class 'function'>",
  "aliases": [
    "dask.array.trace"
  ],
  "example_section_data": {
    "children": [
      {
        "type": "Code2",
        "data": {
          "entries": [
            {
              "type": "",
              "link": {
                "type": "str",
                "data": "np"
              }
            },
            {
              "type": "o",
              "link": {
                "type": "str",
                "data": "."
              }
            },
            {
              "type": "",
              "link": {
                "type": "Link",
                "data": {
                  "value": "trace",
                  "reference": {
                    "module": "dask",
                    "version": "2021.10.0",
                    "kind": "module",
                    "path": "dask.array.reductions.trace"
                  },
                  "kind": "module",
                  "exists": true
                }
              }
            },
            {
              "type": "",
              "link": {
                "type": "str",
                "data": "("
              }
            },
            {
              "type": "",
              "link": {
                "type": "str",
                "data": "np"
              }
            },
            {
              "type": "o",
              "link": {
                "type": "str",
                "data": "."
              }
            },
            {
              "type": "",
              "link": {
                "type": "Link",
                "data": {
                  "value": "eye",
                  "reference": {
                    "module": "dask",
                    "version": "2021.10.0",
                    "kind": "module",
                    "path": "dask.array.creation.eye"
                  },
                  "kind": "module",
                  "exists": true
                }
              }
            },
            {
              "type": "",
              "link": {
                "type": "str",
                "data": "("
              }
            },
            {
              "type": "mi",
              "link": {
                "type": "str",
                "data": "3"
              }
            },
            {
              "type": "",
              "link": {
                "type": "str",
                "data": ")"
              }
            },
            {
              "type": "",
              "link": {
                "type": "str",
                "data": ")"
              }
            },
            {
              "type": "",
              "link": {
                "type": "str",
                "data": "  "
              }
            },
            {
              "type": "c1",
              "link": {
                "type": "str",
                "data": "# doctest: +SKIP"
              }
            }
          ],
          "out": "3.0",
          "ce_status": "compiled"
        }
      },
      {
        "type": "Code2",
        "data": {
          "entries": [
            {
              "type": "",
              "link": {
                "type": "str",
                "data": "a"
              }
            },
            {
              "type": "",
              "link": {
                "type": "str",
                "data": " "
              }
            },
            {
              "type": "o",
              "link": {
                "type": "str",
                "data": "="
              }
            },
            {
              "type": "",
              "link": {
                "type": "str",
                "data": " "
              }
            },
            {
              "type": "",
              "link": {
                "type": "str",
                "data": "np"
              }
            },
            {
              "type": "o",
              "link": {
                "type": "str",
                "data": "."
              }
            },
            {
              "type": "",
              "link": {
                "type": "Link",
                "data": {
                  "value": "arange",
                  "reference": {
                    "module": "dask",
                    "version": "2021.10.0",
                    "kind": "module",
                    "path": "dask.array.creation.arange"
                  },
                  "kind": "module",
                  "exists": true
                }
              }
            },
            {
              "type": "",
              "link": {
                "type": "str",
                "data": "("
              }
            },
            {
              "type": "mi",
              "link": {
                "type": "str",
                "data": "8"
              }
            },
            {
              "type": "",
              "link": {
                "type": "str",
                "data": ")"
              }
            },
            {
              "type": "o",
              "link": {
                "type": "str",
                "data": "."
              }
            },
            {
              "type": "",
              "link": {
                "type": "Link",
                "data": {
                  "value": "reshape",
                  "reference": {
                    "module": "dask",
                    "version": "2021.10.0",
                    "kind": "module",
                    "path": "dask.array.core.Array.reshape"
                  },
                  "kind": "module",
                  "exists": true
                }
              }
            },
            {
              "type": "",
              "link": {
                "type": "str",
                "data": "("
              }
            },
            {
              "type": "",
              "link": {
                "type": "str",
                "data": "("
              }
            },
            {
              "type": "mi",
              "link": {
                "type": "str",
                "data": "2"
              }
            },
            {
              "type": "",
              "link": {
                "type": "str",
                "data": ","
              }
            },
            {
              "type": "mi",
              "link": {
                "type": "str",
                "data": "2"
              }
            },
            {
              "type": "",
              "link": {
                "type": "str",
                "data": ","
              }
            },
            {
              "type": "mi",
              "link": {
                "type": "str",
                "data": "2"
              }
            },
            {
              "type": "",
              "link": {
                "type": "str",
                "data": ")"
              }
            },
            {
              "type": "",
              "link": {
                "type": "str",
                "data": ")"
              }
            },
            {
              "type": "",
              "link": {
                "type": "str",
                "data": "  "
              }
            },
            {
              "type": "c1",
              "link": {
                "type": "str",
                "data": "# doctest: +SKIP"
              }
            },
            {
              "type": "",
              "link": {
                "type": "str",
                "data": "\n"
              }
            },
            {
              "type": "",
              "link": {
                "type": "str",
                "data": "np"
              }
            },
            {
              "type": "o",
              "link": {
                "type": "str",
                "data": "."
              }
            },
            {
              "type": "",
              "link": {
                "type": "Link",
                "data": {
                  "value": "trace",
                  "reference": {
                    "module": "dask",
                    "version": "2021.10.0",
                    "kind": "module",
                    "path": "dask.array.reductions.trace"
                  },
                  "kind": "module",
                  "exists": true
                }
              }
            },
            {
              "type": "",
              "link": {
                "type": "str",
                "data": "("
              }
            },
            {
              "type": "",
              "link": {
                "type": "str",
                "data": "a"
              }
            },
            {
              "type": "",
              "link": {
                "type": "str",
                "data": ")"
              }
            },
            {
              "type": "",
              "link": {
                "type": "str",
                "data": "  "
              }
            },
            {
              "type": "c1",
              "link": {
                "type": "str",
                "data": "# doctest: +SKIP"
              }
            }
          ],
          "out": "array([6, 8])",
          "ce_status": "compiled"
        }
      },
      {
        "type": "Code2",
        "data": {
          "entries": [
            {
              "type": "",
              "link": {
                "type": "str",
                "data": "a"
              }
            },
            {
              "type": "",
              "link": {
                "type": "str",
                "data": " "
              }
            },
            {
              "type": "o",
              "link": {
                "type": "str",
                "data": "="
              }
            },
            {
              "type": "",
              "link": {
                "type": "str",
                "data": " "
              }
            },
            {
              "type": "",
              "link": {
                "type": "str",
                "data": "np"
              }
            },
            {
              "type": "o",
              "link": {
                "type": "str",
                "data": "."
              }
            },
            {
              "type": "",
              "link": {
                "type": "Link",
                "data": {
                  "value": "arange",
                  "reference": {
                    "module": "dask",
                    "version": "2021.10.0",
                    "kind": "module",
                    "path": "dask.array.creation.arange"
                  },
                  "kind": "module",
                  "exists": true
                }
              }
            },
            {
              "type": "",
              "link": {
                "type": "str",
                "data": "("
              }
            },
            {
              "type": "mi",
              "link": {
                "type": "str",
                "data": "24"
              }
            },
            {
              "type": "",
              "link": {
                "type": "str",
                "data": ")"
              }
            },
            {
              "type": "o",
              "link": {
                "type": "str",
                "data": "."
              }
            },
            {
              "type": "",
              "link": {
                "type": "Link",
                "data": {
                  "value": "reshape",
                  "reference": {
                    "module": "dask",
                    "version": "2021.10.0",
                    "kind": "module",
                    "path": "dask.array.core.Array.reshape"
                  },
                  "kind": "module",
                  "exists": true
                }
              }
            },
            {
              "type": "",
              "link": {
                "type": "str",
                "data": "("
              }
            },
            {
              "type": "",
              "link": {
                "type": "str",
                "data": "("
              }
            },
            {
              "type": "mi",
              "link": {
                "type": "str",
                "data": "2"
              }
            },
            {
              "type": "",
              "link": {
                "type": "str",
                "data": ","
              }
            },
            {
              "type": "mi",
              "link": {
                "type": "str",
                "data": "2"
              }
            },
            {
              "type": "",
              "link": {
                "type": "str",
                "data": ","
              }
            },
            {
              "type": "mi",
              "link": {
                "type": "str",
                "data": "2"
              }
            },
            {
              "type": "",
              "link": {
                "type": "str",
                "data": ","
              }
            },
            {
              "type": "mi",
              "link": {
                "type": "str",
                "data": "3"
              }
            },
            {
              "type": "",
              "link": {
                "type": "str",
                "data": ")"
              }
            },
            {
              "type": "",
              "link": {
                "type": "str",
                "data": ")"
              }
            },
            {
              "type": "",
              "link": {
                "type": "str",
                "data": "  "
              }
            },
            {
              "type": "c1",
              "link": {
                "type": "str",
                "data": "# doctest: +SKIP"
              }
            },
            {
              "type": "",
              "link": {
                "type": "str",
                "data": "\n"
              }
            },
            {
              "type": "",
              "link": {
                "type": "str",
                "data": "np"
              }
            },
            {
              "type": "o",
              "link": {
                "type": "str",
                "data": "."
              }
            },
            {
              "type": "",
              "link": {
                "type": "Link",
                "data": {
                  "value": "trace",
                  "reference": {
                    "module": "dask",
                    "version": "2021.10.0",
                    "kind": "module",
                    "path": "dask.array.reductions.trace"
                  },
                  "kind": "module",
                  "exists": true
                }
              }
            },
            {
              "type": "",
              "link": {
                "type": "str",
                "data": "("
              }
            },
            {
              "type": "",
              "link": {
                "type": "str",
                "data": "a"
              }
            },
            {
              "type": "",
              "link": {
                "type": "str",
                "data": ")"
              }
            },
            {
              "type": "o",
              "link": {
                "type": "str",
                "data": "."
              }
            },
            {
              "type": "",
              "link": {
                "type": "Link",
                "data": {
                  "value": "shape",
                  "reference": {
                    "module": "dask",
                    "version": "2021.10.0",
                    "kind": "module",
                    "path": "dask.array.routines.shape"
                  },
                  "kind": "module",
                  "exists": true
                }
              }
            },
            {
              "type": "",
              "link": {
                "type": "str",
                "data": "  "
              }
            },
            {
              "type": "c1",
              "link": {
                "type": "str",
                "data": "# doctest: +SKIP"
              }
            }
          ],
          "out": "(2, 3)",
          "ce_status": "compiled"
        }
      }
    ],
    "title": null
  },
  "see_also": [
    {
      "name": {
        "name": "diag",
        "ref": "dask.array.creation.diag",
        "exists": true
      },
      "descriptions": [],
      "type": null
    },
    {
      "name": {
        "name": "diagflat",
        "ref": null,
        "exists": null
      },
      "descriptions": [],
      "type": null
    },
    {
      "name": {
        "name": "diagonal",
        "ref": "dask.array.creation.diagonal",
        "exists": true
      },
      "descriptions": [],
      "type": null
    }
  ],
  "version": "2021.10.0",
  "signature": "trace(a, offset=0, axis1=0, axis2=1, dtype=None)",
  "references": null,
  "logo": "logo.png",
  "qa": "dask.array.reductions.trace",
  "arbitrary": []
}