{
  "_content": {
    "Attributes": {
      "children": [],
      "title": null
    },
    "Extended Summary": {
      "children": [
        {
          "type": "BlockQuote",
          "data": {
            "value": [
              "Refer to `numpy.trace` for full documentation."
            ]
          }
        }
      ],
      "title": null
    },
    "Methods": {
      "children": [],
      "title": null
    },
    "Notes": {
      "children": [],
      "title": null
    },
    "Other Parameters": {
      "children": [],
      "title": null
    },
    "Parameters": {
      "children": [],
      "title": null
    },
    "Raises": {
      "children": [],
      "title": null
    },
    "Receives": {
      "children": [],
      "title": null
    },
    "Returns": {
      "children": [],
      "title": null
    },
    "Summary": {
      "children": [
        {
          "type": "BlockQuote",
          "data": {
            "value": [
              "Return the sum along diagonals of the array."
            ]
          }
        }
      ],
      "title": null
    },
    "Warnings": {
      "children": [],
      "title": null
    },
    "Warns": {
      "children": [],
      "title": null
    },
    "Yields": {
      "children": [],
      "title": null
    }
  },
  "refs": [],
  "ordered_sections": [
    "Signature",
    "Summary",
    "Extended Summary",
    "See Also"
  ],
  "item_file": "/numpy/ma/core.py",
  "item_line": null,
  "item_type": "<class 'numpy.ma.core._frommethod'>",
  "aliases": [
    "numpy.ma.trace"
  ],
  "example_section_data": {
    "children": [],
    "title": null
  },
  "see_also": [
    {
      "name": {
        "name": "numpy.trace",
        "ref": "numpy.trace",
        "exists": true
      },
      "descriptions": [
        {
          "inline": [
            {
              "type": "Words",
              "data": {
                "value": "equivalent function"
              }
            }
          ],
          "inner": []
        }
      ],
      "type": null
    }
  ],
  "version": "1.21.3",
  "signature": "trace(self, offset=0, axis1=0, axis2=1, dtype=None, out=None) a.trace(offset=0, axis1=0, axis2=1, dtype=None, out=None)",
  "references": null,
  "logo": "logo.png",
  "qa": "numpy.ma.core.trace",
  "arbitrary": []
}