{
  "_content": {
    "Summary": {
      "children": [
        {
          "type": "Paragraph",
          "data": {
            "inline": [
              {
                "type": "Words",
                "data": {
                  "value": "Return the image mask and the histogram data."
                }
              }
            ],
            "inner": []
          }
        }
      ],
      "title": null
    },
    "Extended Summary": {
      "children": [],
      "title": null
    },
    "Parameters": {
      "children": [],
      "title": null
    },
    "Returns": {
      "children": [
        {
          "type": "Param",
          "data": {
            "param": "mask",
            "type_": "array of bool, same shape as image",
            "desc": [
              {
                "type": "Paragraph",
                "data": {
                  "inline": [
                    {
                      "type": "Words",
                      "data": {
                        "value": "The selected pixels."
                      }
                    }
                  ],
                  "inner": []
                }
              }
            ]
          }
        },
        {
          "type": "Param",
          "data": {
            "param": "data",
            "type_": "dict",
            "desc": [
              {
                "type": "Paragraph",
                "data": {
                  "inline": [
                    {
                      "type": "Words",
                      "data": {
                        "value": "The data describing the histogram and the selected region. The dictionary contains:"
                      }
                    }
                  ],
                  "inner": []
                }
              },
              {
                "type": "DefList",
                "data": {
                  "children": [
                    {
                      "lines": {
                        "_lines": [
                          {
                            "_line": "  - 'bins' : array of float",
                            "_number": 3,
                            "_offset": 2
                          }
                        ]
                      },
                      "wh": {
                        "_lines": []
                      },
                      "ind": {
                        "_lines": [
                          {
                            "_line": "    The bin boundaries for both `a` and `b` channels.",
                            "_number": 4,
                            "_offset": 4
                          }
                        ]
                      },
                      "dt": {
                        "inline": [
                          {
                            "type": "Words",
                            "data": {
                              "value": "- 'bins' : array of float"
                            }
                          }
                        ],
                        "inner": []
                      },
                      "dd": [
                        {
                          "type": "Paragraph",
                          "data": {
                            "inline": [
                              {
                                "type": "Words",
                                "data": {
                                  "value": "The bin boundaries for both "
                                }
                              },
                              {
                                "type": "Directive",
                                "data": {
                                  "value": [
                                    "a"
                                  ],
                                  "domain": null,
                                  "role": null
                                }
                              },
                              {
                                "type": "Words",
                                "data": {
                                  "value": " and "
                                }
                              },
                              {
                                "type": "Directive",
                                "data": {
                                  "value": [
                                    "b"
                                  ],
                                  "domain": null,
                                  "role": null
                                }
                              },
                              {
                                "type": "Words",
                                "data": {
                                  "value": " channels."
                                }
                              }
                            ],
                            "inner": []
                          }
                        }
                      ]
                    },
                    {
                      "lines": {
                        "_lines": [
                          {
                            "_line": "  - 'hist' : 2D array of float",
                            "_number": 5,
                            "_offset": 2
                          }
                        ]
                      },
                      "wh": {
                        "_lines": []
                      },
                      "ind": {
                        "_lines": [
                          {
                            "_line": "    The normalized histogram.",
                            "_number": 6,
                            "_offset": 4
                          }
                        ]
                      },
                      "dt": {
                        "inline": [
                          {
                            "type": "Words",
                            "data": {
                              "value": "- 'hist' : 2D array of float"
                            }
                          }
                        ],
                        "inner": []
                      },
                      "dd": [
                        {
                          "type": "Paragraph",
                          "data": {
                            "inline": [
                              {
                                "type": "Words",
                                "data": {
                                  "value": "The normalized histogram."
                                }
                              }
                            ],
                            "inner": []
                          }
                        }
                      ]
                    },
                    {
                      "lines": {
                        "_lines": [
                          {
                            "_line": "  - 'edges' : tuple of array of float",
                            "_number": 7,
                            "_offset": 2
                          }
                        ]
                      },
                      "wh": {
                        "_lines": []
                      },
                      "ind": {
                        "_lines": [
                          {
                            "_line": "    The bin edges along each dimension",
                            "_number": 8,
                            "_offset": 4
                          }
                        ]
                      },
                      "dt": {
                        "inline": [
                          {
                            "type": "Words",
                            "data": {
                              "value": "- 'edges' : tuple of array of float"
                            }
                          }
                        ],
                        "inner": []
                      },
                      "dd": [
                        {
                          "type": "Paragraph",
                          "data": {
                            "inline": [
                              {
                                "type": "Words",
                                "data": {
                                  "value": "The bin edges along each dimension"
                                }
                              }
                            ],
                            "inner": []
                          }
                        }
                      ]
                    },
                    {
                      "lines": {
                        "_lines": [
                          {
                            "_line": "  - 'extents' : tuple of float",
                            "_number": 9,
                            "_offset": 2
                          }
                        ]
                      },
                      "wh": {
                        "_lines": []
                      },
                      "ind": {
                        "_lines": [
                          {
                            "_line": "    The left and right and top and bottom of the selected region.",
                            "_number": 10,
                            "_offset": 4
                          }
                        ]
                      },
                      "dt": {
                        "inline": [
                          {
                            "type": "Words",
                            "data": {
                              "value": "- 'extents' : tuple of float"
                            }
                          }
                        ],
                        "inner": []
                      },
                      "dd": [
                        {
                          "type": "Paragraph",
                          "data": {
                            "inline": [
                              {
                                "type": "Words",
                                "data": {
                                  "value": "The left and right and top and bottom of the selected region."
                                }
                              }
                            ],
                            "inner": []
                          }
                        }
                      ]
                    }
                  ]
                }
              }
            ]
          }
        }
      ],
      "title": null
    },
    "Yields": {
      "children": [],
      "title": null
    },
    "Receives": {
      "children": [],
      "title": null
    },
    "Raises": {
      "children": [],
      "title": null
    },
    "Warns": {
      "children": [],
      "title": null
    },
    "Other Parameters": {
      "children": [],
      "title": null
    },
    "Attributes": {
      "children": [],
      "title": null
    },
    "Methods": {
      "children": [],
      "title": null
    },
    "Notes": {
      "children": [],
      "title": null
    },
    "Warnings": {
      "children": [],
      "title": null
    }
  },
  "refs": [],
  "ordered_sections": [
    "Summary",
    "Returns"
  ],
  "item_file": "/Users/bussonniermatthias/miniconda3-intel/envs/papyri/lib/python3.9/site-packages/skimage/viewer/plugins/color_histogram.py",
  "item_line": 63,
  "item_type": "<class 'function'>",
  "aliases": [
    "skimage.viewer.plugins.ColorHistogram.output"
  ],
  "example_section_data": {
    "children": [],
    "title": null
  },
  "see_also": [],
  "version": "0.18.3",
  "signature": "output(self)",
  "references": null,
  "logo": "logo.png",
  "qa": "skimage.viewer.plugins.color_histogram.ColorHistogram.output",
  "arbitrary": []
}