{
  "_content": {
    "Summary": {
      "children": [
        {
          "type": "Paragraph",
          "data": {
            "inline": [
              {
                "type": "Words",
                "data": {
                  "value": "Return the plugin's representation and data."
                }
              }
            ],
            "inner": []
          }
        }
      ],
      "title": null
    },
    "Extended Summary": {
      "children": [],
      "title": null
    },
    "Parameters": {
      "children": [],
      "title": null
    },
    "Returns": {
      "children": [
        {
          "type": "Param",
          "data": {
            "param": "image",
            "type_": "array, same shape as ``self.image_viewer.image``, or None",
            "desc": [
              {
                "type": "Paragraph",
                "data": {
                  "inline": [
                    {
                      "type": "Words",
                      "data": {
                        "value": "The filtered image."
                      }
                    }
                  ],
                  "inner": []
                }
              }
            ]
          }
        },
        {
          "type": "Param",
          "data": {
            "param": "data",
            "type_": "None",
            "desc": [
              {
                "type": "Paragraph",
                "data": {
                  "inline": [
                    {
                      "type": "Words",
                      "data": {
                        "value": "Any data associated with the plugin."
                      }
                    }
                  ],
                  "inner": []
                }
              }
            ]
          }
        }
      ],
      "title": null
    },
    "Yields": {
      "children": [],
      "title": null
    },
    "Receives": {
      "children": [],
      "title": null
    },
    "Raises": {
      "children": [],
      "title": null
    },
    "Warns": {
      "children": [],
      "title": null
    },
    "Other Parameters": {
      "children": [],
      "title": null
    },
    "Attributes": {
      "children": [],
      "title": null
    },
    "Methods": {
      "children": [],
      "title": null
    },
    "Notes": {
      "children": [
        {
          "type": "Paragraph",
          "data": {
            "inline": [
              {
                "type": "Words",
                "data": {
                  "value": "Derived classes should override this method to return a tuple containing an "
                }
              },
              {
                "type": "Emph",
                "data": {
                  "value": {
                    "value": "overlay"
                  }
                }
              },
              {
                "type": "Words",
                "data": {
                  "value": " of the same shape of the image, and a "
                }
              },
              {
                "type": "Emph",
                "data": {
                  "value": {
                    "value": "data"
                  }
                }
              },
              {
                "type": "Words",
                "data": {
                  "value": " object. Either of these is optional: return "
                }
              },
              {
                "type": "Verbatim",
                "data": {
                  "value": [
                    "None"
                  ]
                }
              },
              {
                "type": "Words",
                "data": {
                  "value": " if you don't want to return a value."
                }
              }
            ],
            "inner": []
          }
        }
      ],
      "title": null
    },
    "Warnings": {
      "children": [],
      "title": null
    }
  },
  "refs": [],
  "ordered_sections": [
    "Summary",
    "Returns",
    "Notes"
  ],
  "item_file": "/Users/bussonniermatthias/miniconda3-intel/envs/papyri/lib/python3.9/site-packages/skimage/viewer/plugins/base.py",
  "item_line": 244,
  "item_type": "<class 'function'>",
  "aliases": [
    "skimage.viewer.plugins.Plugin.output"
  ],
  "example_section_data": {
    "children": [],
    "title": null
  },
  "see_also": [],
  "version": "0.18.3",
  "signature": "output(self)",
  "references": null,
  "logo": "logo.png",
  "qa": "skimage.viewer.plugins.base.Plugin.output",
  "arbitrary": []
}